app/build/intermediates/manifest_merge_blame_file/release/manifest-merger-blame-release-report.txt
1<?xml version="1.0" encoding="utf-8"?>
2<manifest xmlns:android="http://schemas.android.com/apk/res/android"
3    package="com.example.radio"
4    android:versionCode="1"
5    android:versionName="1.0" >
6
7    <uses-sdk
8        android:minSdkVersion="21"
8-->src\main\AndroidManifest.xml
9        android:targetSdkVersion="30" />
9-->src\main\AndroidManifest.xml
10
11    <uses-permission android:name="android.permission.INTERNET" />
11-->src\main\AndroidManifest.xml:5:5-67
11-->src\main\AndroidManifest.xml:5:22-64
12    <uses-permission android:name="android.permission.ACCESS_WIFI_STATE" />
12-->src\main\AndroidManifest.xml:6:5-76
12-->src\main\AndroidManifest.xml:6:22-73
13    <uses-permission android:name="android.permission.ACCESS_NETWORK_STATE" />
13-->src\main\AndroidManifest.xml:8:5-79
13-->src\main\AndroidManifest.xml:8:22-76
14    <uses-permission android:name="android.permission.INTERNET" />
14-->src\main\AndroidManifest.xml:5:5-67
14-->src\main\AndroidManifest.xml:5:22-64
15    <uses-permission android:name="android.permission.CAMERA" />
15-->src\main\AndroidManifest.xml:11:5-65
15-->src\main\AndroidManifest.xml:11:22-62
16    <uses-permission android:name="android.permission.WRITE_EXTERNAL_STORAGE" />
16-->src\main\AndroidManifest.xml:13:5-81
16-->src\main\AndroidManifest.xml:13:22-78
17    <uses-permission android:name="android.permission.READ_EXTERNAL_STORAGE" />
17-->src\main\AndroidManifest.xml:15:5-80
17-->src\main\AndroidManifest.xml:15:22-77
18    <uses-permission android:name="android.permission.RECORD_AUDIO" />
18-->src\main\AndroidManifest.xml:16:5-71
18-->src\main\AndroidManifest.xml:16:22-68
19
20    <application
20-->src\main\AndroidManifest.xml:18:5-97:19
21        android:allowBackup="true"
21-->src\main\AndroidManifest.xml:19:9-35
22        android:appComponentFactory="androidx.core.app.CoreComponentFactory"
22-->[androidx.core:core:1.5.0] AndroidManifest.xml:24:18-86
23        android:icon="@mipmap/ic_launcher"
23-->src\main\AndroidManifest.xml:20:9-43
24        android:label="@string/app_name"
24-->src\main\AndroidManifest.xml:21:9-41
25        android:roundIcon="@mipmap/ic_launcher_round"
25-->src\main\AndroidManifest.xml:22:9-54
26        android:supportsRtl="true"
26-->src\main\AndroidManifest.xml:23:9-35
27        android:theme="@style/Theme.Radio" >
27-->src\main\AndroidManifest.xml:24:9-43
28        <activity
28-->src\main\AndroidManifest.xml:25:9-27:57
29            android:name="com.example.radio.Activity.EmployeDetailsActivity"
29-->src\main\AndroidManifest.xml:26:13-60
30            android:theme="@style/DemoTheme" />
30-->src\main\AndroidManifest.xml:27:13-45
31        <activity
31-->src\main\AndroidManifest.xml:28:9-30:48
32            android:name="com.example.radio.Activity.LeaveStatusEmpActivity"
32-->src\main\AndroidManifest.xml:29:13-60
33            android:theme="@style/DemoTheme" />
33-->src\main\AndroidManifest.xml:30:13-45
34        <activity
34-->src\main\AndroidManifest.xml:31:9-33:48
35            android:name="com.example.radio.Activity.SignUpActivity"
35-->src\main\AndroidManifest.xml:32:13-52
36            android:theme="@style/DemoTheme" />
36-->src\main\AndroidManifest.xml:33:13-45
37        <activity
37-->src\main\AndroidManifest.xml:34:9-36:48
38            android:name="com.example.radio.Activity.LoginNewActivity"
38-->src\main\AndroidManifest.xml:35:13-54
39            android:theme="@style/DemoTheme" />
39-->src\main\AndroidManifest.xml:36:13-45
40        <activity
40-->src\main\AndroidManifest.xml:37:9-39:48
41            android:name="com.example.radio.Activity.HrProfileActivity"
41-->src\main\AndroidManifest.xml:38:13-55
42            android:theme="@style/DemoTheme" />
42-->src\main\AndroidManifest.xml:39:13-45
43        <activity
43-->src\main\AndroidManifest.xml:40:9-42:48
44            android:name="com.example.radio.Activity.EmpProfileActivity"
44-->src\main\AndroidManifest.xml:41:13-56
45            android:theme="@style/DemoTheme" />
45-->src\main\AndroidManifest.xml:42:13-45
46        <activity
46-->src\main\AndroidManifest.xml:43:9-45:48
47            android:name="com.example.radio.Activity.DashActivity"
47-->src\main\AndroidManifest.xml:44:13-50
48            android:theme="@style/DemoTheme" />
48-->src\main\AndroidManifest.xml:45:13-45
49        <activity
49-->src\main\AndroidManifest.xml:46:9-48:48
50            android:name="com.example.radio.Activity.LeavesActivity"
50-->src\main\AndroidManifest.xml:47:13-52
51            android:theme="@style/DemoTheme" />
51-->src\main\AndroidManifest.xml:48:13-45
52        <activity
52-->src\main\AndroidManifest.xml:49:9-51:48
53            android:name="com.example.radio.Activity.ApplyLeaveActivity"
53-->src\main\AndroidManifest.xml:50:13-56
54            android:theme="@style/DemoTheme" />
54-->src\main\AndroidManifest.xml:51:13-45
55        <activity
55-->src\main\AndroidManifest.xml:52:9-54:48
56            android:name="com.example.radio.EmployeEditProfileActivity"
56-->src\main\AndroidManifest.xml:53:13-55
57            android:theme="@style/DemoTheme" />
57-->src\main\AndroidManifest.xml:54:13-45
58        <activity
58-->src\main\AndroidManifest.xml:55:9-57:48
59            android:name="com.example.radio.Activity.ListTimeActivity"
59-->src\main\AndroidManifest.xml:56:13-54
60            android:theme="@style/DemoTheme" />
60-->src\main\AndroidManifest.xml:57:13-45
61        <activity
61-->src\main\AndroidManifest.xml:58:9-60:48
62            android:name="com.example.radio.Activity.CheckTimeActivity"
62-->src\main\AndroidManifest.xml:59:13-55
63            android:theme="@style/DemoTheme" />
63-->src\main\AndroidManifest.xml:60:13-45
64        <activity
64-->src\main\AndroidManifest.xml:61:9-63:48
65            android:name="com.example.radio.Activity.EmployessActivity"
65-->src\main\AndroidManifest.xml:62:13-55
66            android:theme="@style/DemoTheme" />
66-->src\main\AndroidManifest.xml:63:13-45
67        <activity
67-->src\main\AndroidManifest.xml:64:9-66:48
68            android:name="com.example.radio.Activity.InfoHrActivity"
68-->src\main\AndroidManifest.xml:65:13-52
69            android:theme="@style/DemoTheme" />
69-->src\main\AndroidManifest.xml:66:13-45
70        <activity
70-->src\main\AndroidManifest.xml:67:9-69:48
71            android:name="com.example.radio.Activity.UserAttendenceActivity"
71-->src\main\AndroidManifest.xml:68:13-60
72            android:theme="@style/DemoTheme" />
72-->src\main\AndroidManifest.xml:69:13-45
73        <activity
73-->src\main\AndroidManifest.xml:70:9-72:48
74            android:name="com.example.radio.Activity.ProfileActivity"
74-->src\main\AndroidManifest.xml:71:13-53
75            android:theme="@style/DemoTheme" />
75-->src\main\AndroidManifest.xml:72:13-45
76        <activity
76-->src\main\AndroidManifest.xml:73:9-75:48
77            android:name="com.example.radio.Activity.UserDataActivity"
77-->src\main\AndroidManifest.xml:74:13-54
78            android:theme="@style/DemoTheme" />
78-->src\main\AndroidManifest.xml:75:13-45
79        <activity
79-->src\main\AndroidManifest.xml:76:9-84:20
80            android:name="com.example.radio.Activity.SplashActivity2"
80-->src\main\AndroidManifest.xml:77:13-53
81            android:theme="@style/DemoTheme" >
81-->src\main\AndroidManifest.xml:78:13-45
82            <intent-filter>
82-->src\main\AndroidManifest.xml:79:13-83:29
83                <action android:name="android.intent.action.MAIN" />
83-->src\main\AndroidManifest.xml:80:17-69
83-->src\main\AndroidManifest.xml:80:25-66
84
85                <category android:name="android.intent.category.LAUNCHER" />
85-->src\main\AndroidManifest.xml:82:17-77
85-->src\main\AndroidManifest.xml:82:27-74
86            </intent-filter>
87        </activity>
88        <activity
88-->src\main\AndroidManifest.xml:85:9-87:48
89            android:name="com.example.radio.Activity.SignupActivity2"
89-->src\main\AndroidManifest.xml:86:13-53
90            android:theme="@style/DemoTheme" />
90-->src\main\AndroidManifest.xml:87:13-45
91        <activity
91-->src\main\AndroidManifest.xml:88:9-90:48
92            android:name="com.example.radio.Activity.LoginActivity"
92-->src\main\AndroidManifest.xml:89:13-51
93            android:theme="@style/DemoTheme" />
93-->src\main\AndroidManifest.xml:90:13-45
94        <activity
94-->src\main\AndroidManifest.xml:91:9-93:48
95            android:name="com.example.radio.Activity.DashboradActivity"
95-->src\main\AndroidManifest.xml:92:13-55
96            android:theme="@style/DemoTheme" />
96-->src\main\AndroidManifest.xml:93:13-45
97        <activity
97-->src\main\AndroidManifest.xml:94:9-96:48
98            android:name="com.example.radio.MainActivity"
98-->src\main\AndroidManifest.xml:95:13-41
99            android:theme="@style/DemoTheme" />
99-->src\main\AndroidManifest.xml:96:13-45
100        <activity
100-->[com.karumi:dexter:6.2.3] AndroidManifest.xml:27:9-29:72
101            android:name="com.karumi.dexter.DexterActivity"
101-->[com.karumi:dexter:6.2.3] AndroidManifest.xml:28:13-60
102            android:theme="@style/Dexter.Internal.Theme.Transparent" />
102-->[com.karumi:dexter:6.2.3] AndroidManifest.xml:29:13-69
103
104        <service
104-->[com.google.firebase:firebase-storage:20.0.0] AndroidManifest.xml:30:9-36:19
105            android:name="com.google.firebase.components.ComponentDiscoveryService"
105-->[com.google.firebase:firebase-storage:20.0.0] AndroidManifest.xml:31:13-84
106            android:directBootAware="true"
106-->[com.google.firebase:firebase-common:20.0.0] AndroidManifest.xml:35:13-43
107            android:exported="false" >
107-->[com.google.firebase:firebase-storage:20.0.0] AndroidManifest.xml:32:13-37
108            <meta-data
108-->[com.google.firebase:firebase-storage:20.0.0] AndroidManifest.xml:33:13-35:85
109                android:name="com.google.firebase.components:com.google.firebase.storage.StorageRegistrar"
109-->[com.google.firebase:firebase-storage:20.0.0] AndroidManifest.xml:34:17-107
110                android:value="com.google.firebase.components.ComponentRegistrar" />
110-->[com.google.firebase:firebase-storage:20.0.0] AndroidManifest.xml:35:17-82
111            <meta-data
111-->[com.google.firebase:firebase-auth:21.0.1] AndroidManifest.xml:77:13-79:85
112                android:name="com.google.firebase.components:com.google.firebase.auth.FirebaseAuthRegistrar"
112-->[com.google.firebase:firebase-auth:21.0.1] AndroidManifest.xml:78:17-109
113                android:value="com.google.firebase.components.ComponentRegistrar" />
113-->[com.google.firebase:firebase-auth:21.0.1] AndroidManifest.xml:79:17-82
114            <meta-data
114-->[com.google.firebase:firebase-database:20.0.1] AndroidManifest.xml:32:13-34:85
115                android:name="com.google.firebase.components:com.google.firebase.database.DatabaseRegistrar"
115-->[com.google.firebase:firebase-database:20.0.1] AndroidManifest.xml:33:17-109
116                android:value="com.google.firebase.components.ComponentRegistrar" />
116-->[com.google.firebase:firebase-database:20.0.1] AndroidManifest.xml:34:17-82
117        </service>
118
119        <activity
119-->[com.google.firebase:firebase-auth:21.0.1] AndroidManifest.xml:27:9-44:20
120            android:name="com.google.firebase.auth.internal.GenericIdpActivity"
120-->[com.google.firebase:firebase-auth:21.0.1] AndroidManifest.xml:28:13-80
121            android:excludeFromRecents="true"
121-->[com.google.firebase:firebase-auth:21.0.1] AndroidManifest.xml:29:13-46
122            android:exported="true"
122-->[com.google.firebase:firebase-auth:21.0.1] AndroidManifest.xml:30:13-36
123            android:launchMode="singleTask"
123-->[com.google.firebase:firebase-auth:21.0.1] AndroidManifest.xml:31:13-44
124            android:theme="@android:style/Theme.Translucent.NoTitleBar" >
124-->[com.google.firebase:firebase-auth:21.0.1] AndroidManifest.xml:32:13-72
125            <intent-filter>
125-->[com.google.firebase:firebase-auth:21.0.1] AndroidManifest.xml:33:13-43:29
126                <action android:name="android.intent.action.VIEW" />
126-->[com.google.firebase:firebase-auth:21.0.1] AndroidManifest.xml:34:17-69
126-->[com.google.firebase:firebase-auth:21.0.1] AndroidManifest.xml:34:25-66
127
128                <category android:name="android.intent.category.DEFAULT" />
128-->[com.google.firebase:firebase-auth:21.0.1] AndroidManifest.xml:36:17-76
128-->[com.google.firebase:firebase-auth:21.0.1] AndroidManifest.xml:36:27-73
129                <category android:name="android.intent.category.BROWSABLE" />
129-->[com.google.firebase:firebase-auth:21.0.1] AndroidManifest.xml:37:17-78
129-->[com.google.firebase:firebase-auth:21.0.1] AndroidManifest.xml:37:27-75
130
131                <data
131-->[com.google.firebase:firebase-auth:21.0.1] AndroidManifest.xml:39:17-42:51
132                    android:host="firebase.auth"
132-->[com.google.firebase:firebase-auth:21.0.1] AndroidManifest.xml:40:21-49
133                    android:path="/"
133-->[com.google.firebase:firebase-auth:21.0.1] AndroidManifest.xml:41:21-37
134                    android:scheme="genericidp" />
134-->[com.google.firebase:firebase-auth:21.0.1] AndroidManifest.xml:42:21-48
135            </intent-filter>
136        </activity>
137        <activity
137-->[com.google.firebase:firebase-auth:21.0.1] AndroidManifest.xml:45:9-62:20
138            android:name="com.google.firebase.auth.internal.RecaptchaActivity"
138-->[com.google.firebase:firebase-auth:21.0.1] AndroidManifest.xml:46:13-79
139            android:excludeFromRecents="true"
139-->[com.google.firebase:firebase-auth:21.0.1] AndroidManifest.xml:47:13-46
140            android:exported="true"
140-->[com.google.firebase:firebase-auth:21.0.1] AndroidManifest.xml:48:13-36
141            android:launchMode="singleTask"
141-->[com.google.firebase:firebase-auth:21.0.1] AndroidManifest.xml:49:13-44
142            android:theme="@android:style/Theme.Translucent.NoTitleBar" >
142-->[com.google.firebase:firebase-auth:21.0.1] AndroidManifest.xml:50:13-72
143            <intent-filter>
143-->[com.google.firebase:firebase-auth:21.0.1] AndroidManifest.xml:51:13-61:29
144                <action android:name="android.intent.action.VIEW" />
144-->[com.google.firebase:firebase-auth:21.0.1] AndroidManifest.xml:34:17-69
144-->[com.google.firebase:firebase-auth:21.0.1] AndroidManifest.xml:34:25-66
145
146                <category android:name="android.intent.category.DEFAULT" />
146-->[com.google.firebase:firebase-auth:21.0.1] AndroidManifest.xml:36:17-76
146-->[com.google.firebase:firebase-auth:21.0.1] AndroidManifest.xml:36:27-73
147                <category android:name="android.intent.category.BROWSABLE" />
147-->[com.google.firebase:firebase-auth:21.0.1] AndroidManifest.xml:37:17-78
147-->[com.google.firebase:firebase-auth:21.0.1] AndroidManifest.xml:37:27-75
148
149                <data
149-->[com.google.firebase:firebase-auth:21.0.1] AndroidManifest.xml:39:17-42:51
150                    android:host="firebase.auth"
150-->[com.google.firebase:firebase-auth:21.0.1] AndroidManifest.xml:40:21-49
151                    android:path="/"
151-->[com.google.firebase:firebase-auth:21.0.1] AndroidManifest.xml:41:21-37
152                    android:scheme="recaptcha" />
152-->[com.google.firebase:firebase-auth:21.0.1] AndroidManifest.xml:42:21-48
153            </intent-filter>
154        </activity>
155
156        <service
156-->[com.google.firebase:firebase-auth:21.0.1] AndroidManifest.xml:64:9-73:19
157            android:name="com.google.firebase.auth.api.fallback.service.FirebaseAuthFallbackService"
157-->[com.google.firebase:firebase-auth:21.0.1] AndroidManifest.xml:65:13-101
158            android:enabled="true"
158-->[com.google.firebase:firebase-auth:21.0.1] AndroidManifest.xml:66:13-35
159            android:exported="false" >
159-->[com.google.firebase:firebase-auth:21.0.1] AndroidManifest.xml:67:13-37
160            <intent-filter>
160-->[com.google.firebase:firebase-auth:21.0.1] AndroidManifest.xml:68:13-72:29
161                <action android:name="com.google.firebase.auth.api.gms.service.START" />
161-->[com.google.firebase:firebase-auth:21.0.1] AndroidManifest.xml:69:17-89
161-->[com.google.firebase:firebase-auth:21.0.1] AndroidManifest.xml:69:25-86
162
163                <category android:name="android.intent.category.DEFAULT" />
163-->[com.google.firebase:firebase-auth:21.0.1] AndroidManifest.xml:36:17-76
163-->[com.google.firebase:firebase-auth:21.0.1] AndroidManifest.xml:36:27-73
164            </intent-filter>
165        </service>
166
167        <activity
167-->[com.google.android.gms:play-services-base:17.1.0] AndroidManifest.xml:23:9-26:75
168            android:name="com.google.android.gms.common.api.GoogleApiActivity"
168-->[com.google.android.gms:play-services-base:17.1.0] AndroidManifest.xml:24:13-79
169            android:exported="false"
169-->[com.google.android.gms:play-services-base:17.1.0] AndroidManifest.xml:25:13-37
170            android:theme="@android:style/Theme.Translucent.NoTitleBar" />
170-->[com.google.android.gms:play-services-base:17.1.0] AndroidManifest.xml:26:13-72
171
172        <provider
172-->[com.google.firebase:firebase-common:20.0.0] AndroidManifest.xml:26:9-31:39
173            android:name="com.google.firebase.provider.FirebaseInitProvider"
173-->[com.google.firebase:firebase-common:20.0.0] AndroidManifest.xml:27:13-77
174            android:authorities="com.example.radio.firebaseinitprovider"
174-->[com.google.firebase:firebase-common:20.0.0] AndroidManifest.xml:28:13-72
175            android:directBootAware="true"
175-->[com.google.firebase:firebase-common:20.0.0] AndroidManifest.xml:29:13-43
176            android:exported="false"
176-->[com.google.firebase:firebase-common:20.0.0] AndroidManifest.xml:30:13-37
177            android:initOrder="100" />
177-->[com.google.firebase:firebase-common:20.0.0] AndroidManifest.xml:31:13-36
178
179        <meta-data
179-->[com.google.android.gms:play-services-basement:17.1.0] AndroidManifest.xml:23:9-25:69
180            android:name="com.google.android.gms.version"
180-->[com.google.android.gms:play-services-basement:17.1.0] AndroidManifest.xml:24:13-58
181            android:value="@integer/google_play_services_version" />
181-->[com.google.android.gms:play-services-basement:17.1.0] AndroidManifest.xml:25:13-66
182    </application>
183
184</manifest>